<?xml version="1.0" encoding="UTF-8"?>
<!-- Generated by org.testng.reporters.JUnitReportReporter -->
<testsuite hostname="ICPL11544" name="com.act_test.Test.ActTest" tests="1" failures="0" timestamp="24 May 2017 10:17:00 GMT" time="132.250" errors="1">
  <testcase name="bookmarkAQuestion" time="132.250" classname="com.act_test.Test.ActTest"/>
</testsuite> <!-- com.act_test.Test.ActTest -->
