<?xml version="1.0" encoding="UTF-8"?>
<!-- Generated by org.testng.reporters.JUnitReportReporter -->
<testsuite hostname="ICPL11544" name="com.act_test.Test.ActTest" tests="1" failures="0" timestamp="24 May 2017 10:22:23 GMT" time="75.261" errors="0">
  <testcase name="bookmarkAQuestion" time="75.261" classname="com.act_test.Test.ActTest"/>
</testsuite> <!-- com.act_test.Test.ActTest -->
